Express server listening on port 4000
{ socket: 
   { _handle: 
      { writeQueueSize: 0,
        socket: [Circular],
        onread: [Function: onread] },
     _pendingWriteReqs: 0,
     _flags: 0,
     _connectQueueSize: 0,
     destroyed: false,
     bytesRead: 3216,
     bytesWritten: 3252,
     allowHalfOpen: true,
     writable: true,
     readable: true,
     server: 
      { stack: [Object],
        connections: 6,
        allowHalfOpen: true,
        _handle: [Object],
        _events: [Object],
        httpAllowHalfOpen: false,
        cache: [Object],
        settings: [Object],
        redirects: {},
        isCallbacks: {},
        _locals: [Object],
        dynamicViewHelpers: [Object],
        errorHandlers: [],
        route: '/',
        routes: [Object],
        router: [Getter],
        __usedRouter: true },
     ondrain: [Function],
     _idleTimeout: 120000,
     _idleNext: 
      { _handle: [Object],
        _pendingWriteReqs: 0,
        _flags: 0,
        _connectQueueSize: 0,
        destroyed: false,
        bytesRead: 431,
        bytesWritten: 2013,
        allowHalfOpen: true,
        writable: true,
        readable: true,
        server: [Object],
        ondrain: [Function],
        _idleTimeout: 120000,
        _idleNext: [Object],
        _idlePrev: [Circular],
        _idleStart: Sat, 07 Apr 2012 08:18:37 GMT,
        _events: [Object],
        ondata: [Function],
        onend: [Function],
        _httpMessage: null },
     _idlePrev: 
      { _idleNext: [Circular],
        _idlePrev: [Object],
        ontimeout: [Function] },
     _idleStart: Sat, 07 Apr 2012 08:18:38 GMT,
     _events: { timeout: [Function], error: [Function], close: [Object] },
     ondata: [Function],
     onend: [Function],
     _httpMessage: 
      { output: [],
        outputEncodings: [],
        writable: true,
        _last: false,
        chunkedEncoding: false,
        shouldKeepAlive: true,
        useChunkedEncodingByDefault: true,
        _hasBody: true,
        _trailer: '',
        finished: false,
        socket: [Circular],
        connection: [Circular],
        _events: [Object],
        _headers: [Object],
        _headerNames: [Object],
        app: [Object],
        req: [Circular],
        writeHead: [Function],
        end: [Function] } },
  connection: 
   { _handle: 
      { writeQueueSize: 0,
        socket: [Circular],
        onread: [Function: onread] },
     _pendingWriteReqs: 0,
     _flags: 0,
     _connectQueueSize: 0,
     destroyed: false,
     bytesRead: 3216,
     bytesWritten: 3252,
     allowHalfOpen: true,
     writable: true,
     readable: true,
     server: 
      { stack: [Object],
        connections: 6,
        allowHalfOpen: true,
        _handle: [Object],
        _events: [Object],
        httpAllowHalfOpen: false,
        cache: [Object],
        settings: [Object],
        redirects: {},
        isCallbacks: {},
        _locals: [Object],
        dynamicViewHelpers: [Object],
        errorHandlers: [],
        route: '/',
        routes: [Object],
        router: [Getter],
        __usedRouter: true },
     ondrain: [Function],
     _idleTimeout: 120000,
     _idleNext: 
      { _handle: [Object],
        _pendingWriteReqs: 0,
        _flags: 0,
        _connectQueueSize: 0,
        destroyed: false,
        bytesRead: 431,
        bytesWritten: 2013,
        allowHalfOpen: true,
        writable: true,
        readable: true,
        server: [Object],
        ondrain: [Function],
        _idleTimeout: 120000,
        _idleNext: [Object],
        _idlePrev: [Circular],
        _idleStart: Sat, 07 Apr 2012 08:18:37 GMT,
        _events: [Object],
        ondata: [Function],
        onend: [Function],
        _httpMessage: null },
     _idlePrev: 
      { _idleNext: [Circular],
        _idlePrev: [Object],
        ontimeout: [Function] },
     _idleStart: Sat, 07 Apr 2012 08:18:38 GMT,
     _events: { timeout: [Function], error: [Function], close: [Object] },
     ondata: [Function],
     onend: [Function],
     _httpMessage: 
      { output: [],
        outputEncodings: [],
        writable: true,
        _last: false,
        chunkedEncoding: false,
        shouldKeepAlive: true,
        useChunkedEncodingByDefault: true,
        _hasBody: true,
        _trailer: '',
        finished: false,
        socket: [Circular],
        connection: [Circular],
        _events: [Object],
        _headers: [Object],
        _headerNames: [Object],
        app: [Object],
        req: [Circular],
        writeHead: [Function],
        end: [Function] } },
  httpVersion: '1.1',
  complete: true,
  headers: 
   { host: 'server4.net9.org:4000',
     'user-agent': 'Mozilla/5.0 (Macintosh; Intel Mac OS X 10_7_3) AppleWebKit/535.19 (KHTML, like Gecko) Chrome/18.0.1025.151 Safari/535.19',
     accept: 'text/html,application/xhtml+xml,application/xml;q=0.9,*/*;q=0.8',
     referer: 'http://people.net9.org/',
     'accept-encoding': 'gzip,deflate,sdch',
     'accept-language': 'zh-TW,zh;q=0.8,en-US;q=0.6,en;q=0.4',
     'accept-charset': 'UTF-8,*;q=0.5',
     cookie: 'connect.sid=Y6N50kk6QvGaUSskR8bVtKBd.MLoorvmGfgcMZop9JQXXrx1MoBd8E5bzg%2BVKcZQAtHg',
     'x-forwarded-for': '59.66.131.65',
     'x-forwarded-host': 'people.net9.org',
     'x-forwarded-server': 'people.net9.org',
     connection: 'Keep-Alive' },
  trailers: {},
  readable: false,
  url: '/login',
  method: 'GET',
  statusCode: null,
  client: 
   { _handle: 
      { writeQueueSize: 0,
        socket: [Circular],
        onread: [Function: onread] },
     _pendingWriteReqs: 0,
     _flags: 0,
     _connectQueueSize: 0,
     destroyed: false,
     bytesRead: 3216,
     bytesWritten: 3252,
     allowHalfOpen: true,
     writable: true,
     readable: true,
     server: 
      { stack: [Object],
        connections: 6,
        allowHalfOpen: true,
        _handle: [Object],
        _events: [Object],
        httpAllowHalfOpen: false,
        cache: [Object],
        settings: [Object],
        redirects: {},
        isCallbacks: {},
        _locals: [Object],
        dynamicViewHelpers: [Object],
        errorHandlers: [],
        route: '/',
        routes: [Object],
        router: [Getter],
        __usedRouter: true },
     ondrain: [Function],
     _idleTimeout: 120000,
     _idleNext: 
      { _handle: [Object],
        _pendingWriteReqs: 0,
        _flags: 0,
        _connectQueueSize: 0,
        destroyed: false,
        bytesRead: 431,
        bytesWritten: 2013,
        allowHalfOpen: true,
        writable: true,
        readable: true,
        server: [Object],
        ondrain: [Function],
        _idleTimeout: 120000,
        _idleNext: [Object],
        _idlePrev: [Circular],
        _idleStart: Sat, 07 Apr 2012 08:18:37 GMT,
        _events: [Object],
        ondata: [Function],
        onend: [Function],
        _httpMessage: null },
     _idlePrev: 
      { _idleNext: [Circular],
        _idlePrev: [Object],
        ontimeout: [Function] },
     _idleStart: Sat, 07 Apr 2012 08:18:38 GMT,
     _events: { timeout: [Function], error: [Function], close: [Object] },
     ondata: [Function],
     onend: [Function],
     _httpMessage: 
      { output: [],
        outputEncodings: [],
        writable: true,
        _last: false,
        chunkedEncoding: false,
        shouldKeepAlive: true,
        useChunkedEncodingByDefault: true,
        _hasBody: true,
        _trailer: '',
        finished: false,
        socket: [Circular],
        connection: [Circular],
        _events: [Object],
        _headers: [Object],
        _headerNames: [Object],
        app: [Object],
        req: [Circular],
        writeHead: [Function],
        end: [Function] } },
  httpVersionMajor: 1,
  httpVersionMinor: 1,
  upgrade: false,
  originalUrl: '/login',
  query: {},
  app: 
   { stack: 
      [ [Object],
        [Object],
        [Object],
        [Object],
        [Object],
        [Object],
        [Object],
        [Object],
        [Object],
        [Object],
        [Object] ],
     connections: 6,
     allowHalfOpen: true,
     _handle: 
      { writeQueueSize: 0,
        onconnection: [Function: onconnection],
        socket: [Circular] },
     _events: 
      { request: [Function],
        connection: [Function: connectionListener],
        listening: [Function] },
     httpAllowHalfOpen: false,
     cache: { false: [Object] },
     settings: 
      { env: 'development',
        hints: true,
        views: '/srv/people9/views',
        'view engine': 'ejs' },
     redirects: {},
     isCallbacks: {},
     _locals: 
      { settings: [Object],
        app: [Circular],
        msg: [Function],
        pageTitle: [Function] },
     dynamicViewHelpers: 
      { session: [Function],
        error: [Function],
        success: [Function],
        flashArray: [Function] },
     errorHandlers: [],
     route: '/',
     routes: 
      { app: [Circular],
        routes: {},
        params: {},
        _params: [],
        middleware: [Function] },
     router: [Getter],
     __usedRouter: true },
  res: 
   { output: [],
     outputEncodings: [],
     writable: true,
     _last: false,
     chunkedEncoding: false,
     shouldKeepAlive: true,
     useChunkedEncodingByDefault: true,
     _hasBody: true,
     _trailer: '',
     finished: false,
     socket: 
      { _handle: [Object],
        _pendingWriteReqs: 0,
        _flags: 0,
        _connectQueueSize: 0,
        destroyed: false,
        bytesRead: 3216,
        bytesWritten: 3252,
        allowHalfOpen: true,
        writable: true,
        readable: true,
        server: [Object],
        ondrain: [Function],
        _idleTimeout: 120000,
        _idleNext: [Object],
        _idlePrev: [Object],
        _idleStart: Sat, 07 Apr 2012 08:18:38 GMT,
        _events: [Object],
        ondata: [Function],
        onend: [Function],
        _httpMessage: [Circular] },
     connection: 
      { _handle: [Object],
        _pendingWriteReqs: 0,
        _flags: 0,
        _connectQueueSize: 0,
        destroyed: false,
        bytesRead: 3216,
        bytesWritten: 3252,
        allowHalfOpen: true,
        writable: true,
        readable: true,
        server: [Object],
        ondrain: [Function],
        _idleTimeout: 120000,
        _idleNext: [Object],
        _idlePrev: [Object],
        _idleStart: Sat, 07 Apr 2012 08:18:38 GMT,
        _events: [Object],
        ondata: [Function],
        onend: [Function],
        _httpMessage: [Circular] },
     _events: { finish: [Function] },
     _headers: { 'x-powered-by': 'Express' },
     _headerNames: { 'x-powered-by': 'X-Powered-By' },
     app: 
      { stack: [Object],
        connections: 6,
        allowHalfOpen: true,
        _handle: [Object],
        _events: [Object],
        httpAllowHalfOpen: false,
        cache: [Object],
        settings: [Object],
        redirects: {},
        isCallbacks: {},
        _locals: [Object],
        dynamicViewHelpers: [Object],
        errorHandlers: [],
        route: '/',
        routes: [Object],
        router: [Getter],
        __usedRouter: true },
     req: [Circular],
     writeHead: [Function],
     end: [Function] },
  next: [Function: next],
  body: {},
  originalMethod: 'GET',
  cookies: { 'connect.sid': 'Y6N50kk6QvGaUSskR8bVtKBd.MLoorvmGfgcMZop9JQXXrx1MoBd8E5bzg+VKcZQAtHg' },
  sessionStore: 
   { sessions: 
      { 'Y6N50kk6QvGaUSskR8bVtKBd.MLoorvmGfgcMZop9JQXXrx1MoBd8E5bzg+VKcZQAtHg': '{"lastAccess":1333786717580,"cookie":{"originalMaxAge":14400000,"expires":"2012-04-07T12:18:37.591Z","httpOnly":true,"path":"/"},"flash":{"error":["no-such-user"]}}',
        'te3BSH5YnjfAmbxtk4VkJOgP.BIUWuJBv/gP5f1+sTK40Oqu/8+2VksQ1+BcK9UGxOGI': '{"lastAccess":1333786717633,"cookie":{"originalMaxAge":14400000,"expires":"2012-04-07T12:18:37.638Z","httpOnly":true,"path":"/"},"flash":{}}' },
     hash: [Function],
     generate: [Function] },
  sessionID: 'Y6N50kk6QvGaUSskR8bVtKBd.MLoorvmGfgcMZop9JQXXrx1MoBd8E5bzg+VKcZQAtHg',
  _events: { data: [Function], end: [Function] },
  session: 
   { lastAccess: 1333786718862,
     cookie: 
      { path: '/',
        httpOnly: true,
        _expires: Sat, 07 Apr 2012 12:18:37 GMT,
        originalMaxAge: 14400000 },
     flash: { error: [Object] } },
  route: undefined,
  _route_index: 1,
  params: [] }
null
